<?xml version="1.0" encoding="UTF-8"?>
<!-- Generated by org.testng.reporters.JUnitReportReporter -->
<testsuite hostname="DESKTOP-2FLMCLR" failures="0" tests="1" name="test.LoginTest" time="6.817" errors="0" timestamp="15 May 2022 17:08:24 GMT" skipped="0">
  <testcase classname="test.LoginTest" name="validUserShouldBeAbleToLogin" time="6.817"/>
</testsuite> <!-- test.LoginTest -->
