<?xml version="1.0" encoding="UTF-8"?>
<!-- Generated by org.testng.reporters.JUnitReportReporter -->
<testsuite hostname="DESKTOP-2FLMCLR" failures="0" tests="1" name="test.ListContactTest" time="10.821" errors="0" timestamp="2022-05-15T19:33:20 CDT" skipped="0">
  <testcase classname="test.ListContactTest" name="validUserShouldBeAbleToAddCustomerAndConfirm" time="10.821"/>
  <system-out/>
</testsuite> <!-- test.ListContactTest -->
