<?xml version="1.0" encoding="UTF-8"?>
<!-- Generated by org.testng.reporters.JUnitReportReporter -->
<testsuite hostname="DESKTOP-2FLMCLR" failures="0" tests="1" name="test.AddContactTest" time="7.567" errors="0" timestamp="2022-05-15T14:38:04 CDT" skipped="0">
  <testcase classname="test.AddContactTest" name="validUserShouldBeAbleToAddCustomer" time="7.567"/>
  <system-out/>
</testsuite> <!-- test.AddContactTest -->
